<?xml version="1.0" encoding="UTF-8"?>
<testsuite name="be.kdg.film_project.service.impl.ActorJpaServiceTest" tests="5" skipped="0" failures="0" errors="0" timestamp="2024-05-26T11:50:23" hostname="Sofias-MacBook-Air.local" time="0.033">
  <properties/>
  <testcase name="addActor_Failure_NullGender()" classname="be.kdg.film_project.service.impl.ActorJpaServiceTest" time="0.004"/>
  <testcase name="changeActorGenderAndNationalityShouldReturnTrueForExistingActorAndUpdateSaidActor()" classname="be.kdg.film_project.service.impl.ActorJpaServiceTest" time="0.017"/>
  <testcase name="addActorShouldFailOfNullName()" classname="be.kdg.film_project.service.impl.ActorJpaServiceTest" time="0.003"/>
  <testcase name="addActorShouldBeAddedSuccessfully()" classname="be.kdg.film_project.service.impl.ActorJpaServiceTest" time="0.005"/>
  <testcase name="changeActorGenderAndNationalityShouldReturnFalseForNonExistingActor()" classname="be.kdg.film_project.service.impl.ActorJpaServiceTest" time="0.004"/>
  <system-out><![CDATA[2024-05-26T13:50:23.047+02:00  INFO 45819 --- [    Test worker] t.c.s.AnnotationConfigContextLoaderUtils : Could not detect default configuration classes for test class [be.kdg.film_project.service.impl.ActorJpaServiceTest]: ActorJpaServiceTest does not declare any static, non-private, non-final, nested classes annotated with @Configuration.
2024-05-26T13:50:23.054+02:00  INFO 45819 --- [    Test worker] .b.t.c.SpringBootTestContextBootstrapper : Found @SpringBootConfiguration be.kdg.StartApplication for test class be.kdg.film_project.service.impl.ActorJpaServiceTest
Hibernate: insert into actor (actor_name,gender,nationality) values (?,?,?)
Hibernate: select a1_0.id,a1_0.actor_name,a1_0.gender,a1_0.nationality from actor a1_0 where a1_0.id=?
Hibernate: select a1_0.id,a1_0.actor_name,a1_0.gender,a1_0.nationality from actor a1_0 where a1_0.id=?
Hibernate: select a1_0.id,a1_0.actor_name,a1_0.gender,a1_0.nationality from actor a1_0 where a1_0.id=?
Hibernate: update actor set actor_name=?,gender=?,nationality=? where id=?
Hibernate: select a1_0.id,a1_0.actor_name,a1_0.gender,a1_0.nationality from actor a1_0 where a1_0.id=?
Hibernate: select a1_0.id,a1_0.actor_name,a1_0.gender,a1_0.nationality from actor a1_0 where a1_0.id=?
Hibernate: select a1_0.id,a1_0.actor_name,a1_0.gender,a1_0.nationality from actor a1_0 where a1_0.id=?
Hibernate: delete from actor where id=?
Hibernate: insert into actor (actor_name,gender,nationality) values (?,?,?)
Hibernate: select a1_0.id,a1_0.actor_name,a1_0.gender,a1_0.nationality from actor a1_0 where a1_0.id=?
Hibernate: delete from actor where id=?
Hibernate: select a1_0.id,a1_0.actor_name,a1_0.gender,a1_0.nationality from actor a1_0 where a1_0.id=?
Hibernate: select a1_0.id,a1_0.actor_name,a1_0.gender,a1_0.nationality from actor a1_0 where a1_0.id=?
Hibernate: select a1_0.id,a1_0.actor_name,a1_0.gender,a1_0.nationality from actor a1_0 where a1_0.id=?
]]></system-out>
  <system-err><![CDATA[]]></system-err>
</testsuite>
