<?xml version="1.0" encoding="UTF-8"?>
<testsuite name="be.kdg.film_project.service.impl.ActorJpaServiceUnitTest" tests="2" skipped="0" failures="0" errors="0" timestamp="2024-05-17T12:15:39" hostname="Sofias-MacBook-Air.local" time="0.085">
  <properties/>
  <testcase name="updateInfoSucceedsWhenActorExists()" classname="be.kdg.film_project.service.impl.ActorJpaServiceUnitTest" time="0.017"/>
  <testcase name="updateInfoFailsWhenActorDoesntExist()" classname="be.kdg.film_project.service.impl.ActorJpaServiceUnitTest" time="0.061"/>
  <system-out><![CDATA[2024-05-17T14:15:36.945+02:00  INFO 30531 --- [    Test worker] t.c.s.AnnotationConfigContextLoaderUtils : Could not detect default configuration classes for test class [be.kdg.film_project.service.impl.ActorJpaServiceUnitTest]: ActorJpaServiceUnitTest does not declare any static, non-private, non-final, nested classes annotated with @Configuration.
2024-05-17T14:15:36.946+02:00  INFO 30531 --- [    Test worker] .b.t.c.SpringBootTestContextBootstrapper : Found @SpringBootConfiguration be.kdg.StartApplication for test class be.kdg.film_project.service.impl.ActorJpaServiceUnitTest

  .   ____          _            __ _ _
 /\\ / ___'_ __ _ _(_)_ __  __ _ \ \ \ \
( ( )\___ | '_ | '_| | '_ \/ _` | \ \ \ \
 \\/  ___)| |_)| | | | | || (_| |  ) ) ) )
  '  |____| .__|_| |_|_| |_\__, | / / / /
 =========|_|==============|___/=/_/_/_/
 :: Spring Boot ::                (v3.1.3)

2024-05-17T14:15:37.016+02:00  INFO 30531 --- [    Test worker] b.k.f.s.impl.ActorJpaServiceUnitTest     : Starting ActorJpaServiceUnitTest using Java 21.0.2 with PID 30531 (started by sofiahmyria in /Users/sofiahmyria/IdeaProjects/programming-5)
2024-05-17T14:15:37.016+02:00  INFO 30531 --- [    Test worker] b.k.f.s.impl.ActorJpaServiceUnitTest     : The following 1 profile is active: "test"
2024-05-17T14:15:37.451+02:00  INFO 30531 --- [    Test worker] .s.d.r.c.RepositoryConfigurationDelegate : Bootstrapping Spring Data JPA repositories in DEFAULT mode.
2024-05-17T14:15:37.526+02:00  INFO 30531 --- [    Test worker] .s.d.r.c.RepositoryConfigurationDelegate : Finished Spring Data repository scanning in 73 ms. Found 5 JPA repository interfaces.
2024-05-17T14:15:38.161+02:00  INFO 30531 --- [    Test worker] o.hibernate.jpa.internal.util.LogHelper  : HHH000204: Processing PersistenceUnitInfo [name: default]
2024-05-17T14:15:38.167+02:00  INFO 30531 --- [    Test worker] o.h.b.i.BytecodeProviderInitiator        : HHH000021: Bytecode provider name : bytebuddy
2024-05-17T14:15:38.168+02:00  INFO 30531 --- [    Test worker] o.s.o.j.p.SpringPersistenceUnitInfo      : No LoadTimeWeaver setup: ignoring JPA class transformer
2024-05-17T14:15:38.168+02:00  INFO 30531 --- [    Test worker] com.zaxxer.hikari.HikariDataSource       : HikariPool-4 - Starting...
2024-05-17T14:15:38.223+02:00  INFO 30531 --- [    Test worker] com.zaxxer.hikari.pool.HikariPool        : HikariPool-4 - Added connection org.postgresql.jdbc.PgConnection@26d174f9
2024-05-17T14:15:38.223+02:00  INFO 30531 --- [    Test worker] com.zaxxer.hikari.HikariDataSource       : HikariPool-4 - Start completed.
2024-05-17T14:15:38.272+02:00  INFO 30531 --- [    Test worker] o.h.b.i.BytecodeProviderInitiator        : HHH000021: Bytecode provider name : bytebuddy
2024-05-17T14:15:38.459+02:00  INFO 30531 --- [    Test worker] o.h.e.t.j.p.i.JtaPlatformInitiator       : HHH000490: Using JtaPlatform implementation: [org.hibernate.engine.transaction.jta.platform.internal.NoJtaPlatform]
2024-05-17T14:15:38.460+02:00 DEBUG 30531 --- [    Test worker] org.hibernate.SQL                        : alter table if exists director drop constraint if exists FKeox6rmuu3j7esmllq1cg022xa
Hibernate: alter table if exists director drop constraint if exists FKeox6rmuu3j7esmllq1cg022xa
2024-05-17T14:15:38.482+02:00 DEBUG 30531 --- [    Test worker] org.hibernate.SQL                        : alter table if exists film_casting drop constraint if exists FKdpbx2oo0uhp58l0dxbqdm6c3q
Hibernate: alter table if exists film_casting drop constraint if exists FKdpbx2oo0uhp58l0dxbqdm6c3q
2024-05-17T14:15:38.487+02:00 DEBUG 30531 --- [    Test worker] org.hibernate.SQL                        : alter table if exists film_casting drop constraint if exists FKb2avfvx70nfcjk3e8p89v94vj
Hibernate: alter table if exists film_casting drop constraint if exists FKb2avfvx70nfcjk3e8p89v94vj
2024-05-17T14:15:38.494+02:00 DEBUG 30531 --- [    Test worker] org.hibernate.SQL                        : drop table if exists actor cascade
Hibernate: drop table if exists actor cascade
2024-05-17T14:15:38.512+02:00 DEBUG 30531 --- [    Test worker] org.hibernate.SQL                        : drop table if exists director cascade
Hibernate: drop table if exists director cascade
2024-05-17T14:15:38.518+02:00 DEBUG 30531 --- [    Test worker] org.hibernate.SQL                        : drop table if exists film cascade
Hibernate: drop table if exists film cascade
2024-05-17T14:15:38.526+02:00 DEBUG 30531 --- [    Test worker] org.hibernate.SQL                        : drop table if exists film_casting cascade
Hibernate: drop table if exists film_casting cascade
2024-05-17T14:15:38.534+02:00 DEBUG 30531 --- [    Test worker] org.hibernate.SQL                        : drop table if exists user_table cascade
Hibernate: drop table if exists user_table cascade
2024-05-17T14:15:38.542+02:00 DEBUG 30531 --- [    Test worker] org.hibernate.SQL                        : create table actor (id serial not null, actor_name varchar(255), gender varchar(255) check (gender in ('M','F','N')), nationality varchar(255), primary key (id))
Hibernate: create table actor (id serial not null, actor_name varchar(255), gender varchar(255) check (gender in ('M','F','N')), nationality varchar(255), primary key (id))
2024-05-17T14:15:38.617+02:00 DEBUG 30531 --- [    Test worker] org.hibernate.SQL                        : create table director (birth integer, film_id integer, id serial not null, award varchar(255), director_name varchar(255), primary key (id))
Hibernate: create table director (birth integer, film_id integer, id serial not null, award varchar(255), director_name varchar(255), primary key (id))
2024-05-17T14:15:38.628+02:00 DEBUG 30531 --- [    Test worker] org.hibernate.SQL                        : create table film (box_office float(53), id serial not null, release_year date, film_name varchar(255), genre varchar(255) check (genre in ('HISTORY','SPY','FANTASY','ROMANCE','ACTION')), primary key (id))
Hibernate: create table film (box_office float(53), id serial not null, release_year date, film_name varchar(255), genre varchar(255) check (genre in ('HISTORY','SPY','FANTASY','ROMANCE','ACTION')), primary key (id))
2024-05-17T14:15:38.638+02:00 DEBUG 30531 --- [    Test worker] org.hibernate.SQL                        : create table film_casting (actor_id integer not null, film_id integer not null, id serial not null, primary key (id), constraint UKgprrdn7mj3rol443mt5qn0fls unique (film_id, actor_id))
Hibernate: create table film_casting (actor_id integer not null, film_id integer not null, id serial not null, primary key (id), constraint UKgprrdn7mj3rol443mt5qn0fls unique (film_id, actor_id))
2024-05-17T14:15:38.659+02:00 DEBUG 30531 --- [    Test worker] org.hibernate.SQL                        : create table user_table (id serial not null, role smallint not null check (role between 0 and 1), password varchar(255) not null, username varchar(255) not null, primary key (id))
Hibernate: create table user_table (id serial not null, role smallint not null check (role between 0 and 1), password varchar(255) not null, username varchar(255) not null, primary key (id))
2024-05-17T14:15:38.676+02:00 DEBUG 30531 --- [    Test worker] org.hibernate.SQL                        : alter table if exists director add constraint FKeox6rmuu3j7esmllq1cg022xa foreign key (film_id) references film
Hibernate: alter table if exists director add constraint FKeox6rmuu3j7esmllq1cg022xa foreign key (film_id) references film
2024-05-17T14:15:38.988+02:00 DEBUG 30531 --- [    Test worker] org.hibernate.SQL                        : alter table if exists film_casting add constraint FKdpbx2oo0uhp58l0dxbqdm6c3q foreign key (actor_id) references actor on delete cascade
Hibernate: alter table if exists film_casting add constraint FKdpbx2oo0uhp58l0dxbqdm6c3q foreign key (actor_id) references actor on delete cascade
2024-05-17T14:15:39.084+02:00 DEBUG 30531 --- [    Test worker] org.hibernate.SQL                        : alter table if exists film_casting add constraint FKb2avfvx70nfcjk3e8p89v94vj foreign key (film_id) references film on delete cascade
Hibernate: alter table if exists film_casting add constraint FKb2avfvx70nfcjk3e8p89v94vj foreign key (film_id) references film on delete cascade
2024-05-17T14:15:39.113+02:00  INFO 30531 --- [    Test worker] j.LocalContainerEntityManagerFactoryBean : Initialized JPA EntityManagerFactory for persistence unit 'default'
2024-05-17T14:15:39.639+02:00  INFO 30531 --- [    Test worker] o.s.s.web.DefaultSecurityFilterChain     : Will secure any request with [org.springframework.security.web.session.DisableEncodeUrlFilter@37ce3f62, org.springframework.security.web.context.request.async.WebAsyncManagerIntegrationFilter@614f68e7, org.springframework.security.web.context.SecurityContextHolderFilter@7c972b8c, org.springframework.security.web.header.HeaderWriterFilter@74335d83, org.springframework.security.web.csrf.CsrfFilter@5f23d20d, org.springframework.security.web.authentication.logout.LogoutFilter@607827b9, org.springframework.security.web.authentication.UsernamePasswordAuthenticationFilter@16aa87e1, org.springframework.security.web.savedrequest.RequestCacheAwareFilter@3de53da9, org.springframework.security.web.servletapi.SecurityContextHolderAwareRequestFilter@4bc7207e, org.springframework.security.web.authentication.AnonymousAuthenticationFilter@75ebd88a, org.springframework.security.web.access.ExceptionTranslationFilter@5d656625, org.springframework.security.web.access.intercept.AuthorizationFilter@6d24c48]
2024-05-17T14:15:39.985+02:00  INFO 30531 --- [    Test worker] b.k.f.s.impl.ActorJpaServiceUnitTest     : Started ActorJpaServiceUnitTest in 3.034 seconds (process running for 36.526)
]]></system-out>
  <system-err><![CDATA[]]></system-err>
</testsuite>
