<?xml version="1.0" encoding="UTF-8"?>
<testsuite name="be.kdg.film_project.repository.jpa.ActorJpaRepositoryTest" tests="2" skipped="0" failures="0" errors="0" timestamp="2024-05-17T07:53:34" hostname="Sofias-MacBook-Air.local" time="0.024">
  <properties/>
  <testcase name="findByIdWithFilmsShouldFetchRelatedData()" classname="be.kdg.film_project.repository.jpa.ActorJpaRepositoryTest" time="0.017"/>
  <testcase name="findByGenderAndNationalityShouldReturnMatchingActors()" classname="be.kdg.film_project.repository.jpa.ActorJpaRepositoryTest" time="0.006"/>
  <system-out><![CDATA[2024-05-17T09:53:33.253+02:00  INFO 20228 --- [    Test worker] t.c.s.AnnotationConfigContextLoaderUtils : Could not detect default configuration classes for test class [be.kdg.film_project.repository.jpa.ActorJpaRepositoryTest]: ActorJpaRepositoryTest does not declare any static, non-private, non-final, nested classes annotated with @Configuration.
2024-05-17T09:53:33.264+02:00  INFO 20228 --- [    Test worker] .b.t.c.SpringBootTestContextBootstrapper : Found @SpringBootConfiguration be.kdg.StartApplication for test class be.kdg.film_project.repository.jpa.ActorJpaRepositoryTest

  .   ____          _            __ _ _
 /\\ / ___'_ __ _ _(_)_ __  __ _ \ \ \ \
( ( )\___ | '_ | '_| | '_ \/ _` | \ \ \ \
 \\/  ___)| |_)| | | | | || (_| |  ) ) ) )
  '  |____| .__|_| |_|_| |_\__, | / / / /
 =========|_|==============|___/=/_/_/_/
 :: Spring Boot ::                (v3.1.3)

2024-05-17T09:53:33.288+02:00  INFO 20228 --- [    Test worker] b.k.f.r.jpa.ActorJpaRepositoryTest       : Starting ActorJpaRepositoryTest using Java 21.0.2 with PID 20228 (started by sofiahmyria in /Users/sofiahmyria/IdeaProjects/programming-5)
2024-05-17T09:53:33.288+02:00  INFO 20228 --- [    Test worker] b.k.f.r.jpa.ActorJpaRepositoryTest       : The following 1 profile is active: "test"
2024-05-17T09:53:33.487+02:00  INFO 20228 --- [    Test worker] .s.d.r.c.RepositoryConfigurationDelegate : Bootstrapping Spring Data JPA repositories in DEFAULT mode.
2024-05-17T09:53:33.500+02:00  INFO 20228 --- [    Test worker] .s.d.r.c.RepositoryConfigurationDelegate : Finished Spring Data repository scanning in 13 ms. Found 5 JPA repository interfaces.
2024-05-17T09:53:33.618+02:00  INFO 20228 --- [    Test worker] o.hibernate.jpa.internal.util.LogHelper  : HHH000204: Processing PersistenceUnitInfo [name: default]
2024-05-17T09:53:33.624+02:00  INFO 20228 --- [    Test worker] o.h.b.i.BytecodeProviderInitiator        : HHH000021: Bytecode provider name : bytebuddy
2024-05-17T09:53:33.624+02:00  INFO 20228 --- [    Test worker] o.s.o.j.p.SpringPersistenceUnitInfo      : No LoadTimeWeaver setup: ignoring JPA class transformer
2024-05-17T09:53:33.625+02:00  INFO 20228 --- [    Test worker] com.zaxxer.hikari.HikariDataSource       : HikariPool-3 - Starting...
2024-05-17T09:53:33.640+02:00  INFO 20228 --- [    Test worker] com.zaxxer.hikari.pool.HikariPool        : HikariPool-3 - Added connection org.postgresql.jdbc.PgConnection@713d2fe8
2024-05-17T09:53:33.640+02:00  INFO 20228 --- [    Test worker] com.zaxxer.hikari.HikariDataSource       : HikariPool-3 - Start completed.
2024-05-17T09:53:33.666+02:00  INFO 20228 --- [    Test worker] o.h.b.i.BytecodeProviderInitiator        : HHH000021: Bytecode provider name : bytebuddy
2024-05-17T09:53:33.748+02:00  INFO 20228 --- [    Test worker] o.h.e.t.j.p.i.JtaPlatformInitiator       : HHH000490: Using JtaPlatform implementation: [org.hibernate.engine.transaction.jta.platform.internal.NoJtaPlatform]
2024-05-17T09:53:33.748+02:00 DEBUG 20228 --- [    Test worker] org.hibernate.SQL                        : alter table if exists director drop constraint if exists FKeox6rmuu3j7esmllq1cg022xa
Hibernate: alter table if exists director drop constraint if exists FKeox6rmuu3j7esmllq1cg022xa
2024-05-17T09:53:33.752+02:00 DEBUG 20228 --- [    Test worker] org.hibernate.SQL                        : alter table if exists film_casting drop constraint if exists FKdpbx2oo0uhp58l0dxbqdm6c3q
Hibernate: alter table if exists film_casting drop constraint if exists FKdpbx2oo0uhp58l0dxbqdm6c3q
2024-05-17T09:53:33.754+02:00 DEBUG 20228 --- [    Test worker] org.hibernate.SQL                        : alter table if exists film_casting drop constraint if exists FKb2avfvx70nfcjk3e8p89v94vj
Hibernate: alter table if exists film_casting drop constraint if exists FKb2avfvx70nfcjk3e8p89v94vj
2024-05-17T09:53:33.756+02:00 DEBUG 20228 --- [    Test worker] org.hibernate.SQL                        : drop table if exists actor cascade
Hibernate: drop table if exists actor cascade
2024-05-17T09:53:33.760+02:00 DEBUG 20228 --- [    Test worker] org.hibernate.SQL                        : drop table if exists director cascade
Hibernate: drop table if exists director cascade
2024-05-17T09:53:33.763+02:00 DEBUG 20228 --- [    Test worker] org.hibernate.SQL                        : drop table if exists film cascade
Hibernate: drop table if exists film cascade
2024-05-17T09:53:33.766+02:00 DEBUG 20228 --- [    Test worker] org.hibernate.SQL                        : drop table if exists film_casting cascade
Hibernate: drop table if exists film_casting cascade
2024-05-17T09:53:33.769+02:00 DEBUG 20228 --- [    Test worker] org.hibernate.SQL                        : drop table if exists user_table cascade
Hibernate: drop table if exists user_table cascade
2024-05-17T09:53:33.773+02:00 DEBUG 20228 --- [    Test worker] org.hibernate.SQL                        : create table actor (id serial not null, actor_name varchar(255), gender varchar(255) check (gender in ('M','F','N')), nationality varchar(255), primary key (id))
Hibernate: create table actor (id serial not null, actor_name varchar(255), gender varchar(255) check (gender in ('M','F','N')), nationality varchar(255), primary key (id))
2024-05-17T09:53:33.805+02:00 DEBUG 20228 --- [    Test worker] org.hibernate.SQL                        : create table director (birth integer, film_id integer, id serial not null, award varchar(255), director_name varchar(255), primary key (id))
Hibernate: create table director (birth integer, film_id integer, id serial not null, award varchar(255), director_name varchar(255), primary key (id))
2024-05-17T09:53:33.816+02:00 DEBUG 20228 --- [    Test worker] org.hibernate.SQL                        : create table film (box_office float(53), id serial not null, release_year date, film_name varchar(255), genre varchar(255) check (genre in ('HISTORY','SPY','FANTASY','ROMANCE','ACTION')), primary key (id))
Hibernate: create table film (box_office float(53), id serial not null, release_year date, film_name varchar(255), genre varchar(255) check (genre in ('HISTORY','SPY','FANTASY','ROMANCE','ACTION')), primary key (id))
2024-05-17T09:53:33.824+02:00 DEBUG 20228 --- [    Test worker] org.hibernate.SQL                        : create table film_casting (actor_id integer not null, film_id integer not null, id serial not null, primary key (id), constraint UKgprrdn7mj3rol443mt5qn0fls unique (film_id, actor_id))
Hibernate: create table film_casting (actor_id integer not null, film_id integer not null, id serial not null, primary key (id), constraint UKgprrdn7mj3rol443mt5qn0fls unique (film_id, actor_id))
2024-05-17T09:53:33.832+02:00 DEBUG 20228 --- [    Test worker] org.hibernate.SQL                        : create table user_table (id serial not null, role smallint not null check (role between 0 and 1), password varchar(255) not null, username varchar(255) not null, primary key (id))
Hibernate: create table user_table (id serial not null, role smallint not null check (role between 0 and 1), password varchar(255) not null, username varchar(255) not null, primary key (id))
2024-05-17T09:53:33.840+02:00 DEBUG 20228 --- [    Test worker] org.hibernate.SQL                        : alter table if exists director add constraint FKeox6rmuu3j7esmllq1cg022xa foreign key (film_id) references film
Hibernate: alter table if exists director add constraint FKeox6rmuu3j7esmllq1cg022xa foreign key (film_id) references film
2024-05-17T09:53:33.844+02:00 DEBUG 20228 --- [    Test worker] org.hibernate.SQL                        : alter table if exists film_casting add constraint FKdpbx2oo0uhp58l0dxbqdm6c3q foreign key (actor_id) references actor on delete cascade
Hibernate: alter table if exists film_casting add constraint FKdpbx2oo0uhp58l0dxbqdm6c3q foreign key (actor_id) references actor on delete cascade
2024-05-17T09:53:33.848+02:00 DEBUG 20228 --- [    Test worker] org.hibernate.SQL                        : alter table if exists film_casting add constraint FKb2avfvx70nfcjk3e8p89v94vj foreign key (film_id) references film on delete cascade
Hibernate: alter table if exists film_casting add constraint FKb2avfvx70nfcjk3e8p89v94vj foreign key (film_id) references film on delete cascade
2024-05-17T09:53:33.850+02:00  INFO 20228 --- [    Test worker] j.LocalContainerEntityManagerFactoryBean : Initialized JPA EntityManagerFactory for persistence unit 'default'
2024-05-17T09:53:34.139+02:00  INFO 20228 --- [    Test worker] o.s.s.web.DefaultSecurityFilterChain     : Will secure any request with [org.springframework.security.web.session.DisableEncodeUrlFilter@b753aa5, org.springframework.security.web.context.request.async.WebAsyncManagerIntegrationFilter@6c76a792, org.springframework.security.web.context.SecurityContextHolderFilter@2511ddb7, org.springframework.security.web.header.HeaderWriterFilter@6aabacb7, org.springframework.security.web.csrf.CsrfFilter@2122eb64, org.springframework.security.web.authentication.logout.LogoutFilter@80249b0, org.springframework.security.web.authentication.UsernamePasswordAuthenticationFilter@11a0aee8, org.springframework.security.web.savedrequest.RequestCacheAwareFilter@13de7bba, org.springframework.security.web.servletapi.SecurityContextHolderAwareRequestFilter@142c0c3e, org.springframework.security.web.authentication.AnonymousAuthenticationFilter@321325d7, org.springframework.security.web.access.ExceptionTranslationFilter@10b2f8ff, org.springframework.security.web.access.intercept.AuthorizationFilter@1c584c7f]
2024-05-17T09:53:34.314+02:00  INFO 20228 --- [    Test worker] b.k.f.r.jpa.ActorJpaRepositoryTest       : Started ActorJpaRepositoryTest in 1.046 seconds (process running for 11.114)
2024-05-17T09:53:34.323+02:00 DEBUG 20228 --- [    Test worker] org.hibernate.SQL                        : select a1_0.id,a1_0.actor_name,f1_0.actor_id,f1_0.id,f1_0.film_id,f2_0.id,f2_0.box_office,f2_0.film_name,f2_0.genre,f2_0.release_year,a1_0.gender,a1_0.nationality from actor a1_0 left join film_casting f1_0 on a1_0.id=f1_0.actor_id left join film f2_0 on f2_0.id=f1_0.film_id where a1_0.id=?
Hibernate: select a1_0.id,a1_0.actor_name,f1_0.actor_id,f1_0.id,f1_0.film_id,f2_0.id,f2_0.box_office,f2_0.film_name,f2_0.genre,f2_0.release_year,a1_0.gender,a1_0.nationality from actor a1_0 left join film_casting f1_0 on a1_0.id=f1_0.actor_id left join film f2_0 on f2_0.id=f1_0.film_id where a1_0.id=?
2024-05-17T09:53:34.338+02:00 DEBUG 20228 --- [    Test worker] org.hibernate.SQL                        : select a1_0.id,a1_0.actor_name,a1_0.gender,a1_0.nationality from actor a1_0 where a1_0.gender=? and a1_0.nationality=?
Hibernate: select a1_0.id,a1_0.actor_name,a1_0.gender,a1_0.nationality from actor a1_0 where a1_0.gender=? and a1_0.nationality=?
]]></system-out>
  <system-err><![CDATA[]]></system-err>
</testsuite>
