<?xml version="1.0" encoding="UTF-8"?>
<testsuite name="be.kdg.film_project.controller.mvc.FilmControllerTest" tests="1" skipped="0" failures="0" errors="0" timestamp="2024-05-27T17:46:55" hostname="Sofias-MacBook-Air.local" time="1.049">
  <properties/>
  <testcase name="filmViewShouldBeRenderedWithFilmAndActorData()" classname="be.kdg.film_project.controller.mvc.FilmControllerTest" time="1.049"/>
  <system-out><![CDATA[19:46:50.443 [Test worker] INFO org.springframework.test.context.support.AnnotationConfigContextLoaderUtils -- Could not detect default configuration classes for test class [be.kdg.film_project.controller.mvc.FilmControllerTest]: FilmControllerTest does not declare any static, non-private, non-final, nested classes annotated with @Configuration.
19:46:50.618 [Test worker] INFO org.springframework.boot.test.context.SpringBootTestContextBootstrapper -- Found @SpringBootConfiguration be.kdg.StartApplication for test class be.kdg.film_project.controller.mvc.FilmControllerTest

  .   ____          _            __ _ _
 /\\ / ___'_ __ _ _(_)_ __  __ _ \ \ \ \
( ( )\___ | '_ | '_| | '_ \/ _` | \ \ \ \
 \\/  ___)| |_)| | | | | || (_| |  ) ) ) )
  '  |____| .__|_| |_|_| |_\__, | / / / /
 =========|_|==============|___/=/_/_/_/
 :: Spring Boot ::                (v3.2.2)

2024-05-27T19:46:50.991+02:00  INFO 81660 --- [    Test worker] b.k.f.controller.mvc.FilmControllerTest  : Starting FilmControllerTest using Java 19.0.2 with PID 81660 (started by sofiahmyria in /Users/sofiahmyria/IdeaProjects/programming-5)
2024-05-27T19:46:50.992+02:00  INFO 81660 --- [    Test worker] b.k.f.controller.mvc.FilmControllerTest  : The following 1 profile is active: "test"
2024-05-27T19:46:51.842+02:00  INFO 81660 --- [    Test worker] .s.d.r.c.RepositoryConfigurationDelegate : Bootstrapping Spring Data JPA repositories in DEFAULT mode.
2024-05-27T19:46:51.887+02:00  INFO 81660 --- [    Test worker] .s.d.r.c.RepositoryConfigurationDelegate : Finished Spring Data repository scanning in 40 ms. Found 5 JPA repository interfaces.
2024-05-27T19:46:52.278+02:00  INFO 81660 --- [    Test worker] o.hibernate.jpa.internal.util.LogHelper  : HHH000204: Processing PersistenceUnitInfo [name: default]
2024-05-27T19:46:52.322+02:00  INFO 81660 --- [    Test worker] org.hibernate.Version                    : HHH000412: Hibernate ORM core version 6.4.1.Final
2024-05-27T19:46:52.346+02:00  INFO 81660 --- [    Test worker] o.h.c.internal.RegionFactoryInitiator    : HHH000026: Second-level cache disabled
2024-05-27T19:46:52.491+02:00  INFO 81660 --- [    Test worker] o.s.o.j.p.SpringPersistenceUnitInfo      : No LoadTimeWeaver setup: ignoring JPA class transformer
2024-05-27T19:46:52.507+02:00  INFO 81660 --- [    Test worker] com.zaxxer.hikari.HikariDataSource       : HikariPool-1 - Starting...
2024-05-27T19:46:52.663+02:00  INFO 81660 --- [    Test worker] com.zaxxer.hikari.pool.HikariPool        : HikariPool-1 - Added connection org.postgresql.jdbc.PgConnection@6f7a20da
2024-05-27T19:46:52.664+02:00  INFO 81660 --- [    Test worker] com.zaxxer.hikari.HikariDataSource       : HikariPool-1 - Start completed.
2024-05-27T19:46:53.365+02:00  INFO 81660 --- [    Test worker] o.h.e.t.j.p.i.JtaPlatformInitiator       : HHH000489: No JTA platform available (set 'hibernate.transaction.jta.platform' to enable JTA platform integration)
Hibernate: alter table if exists director drop constraint if exists FKeox6rmuu3j7esmllq1cg022xa
Hibernate: alter table if exists film_casting drop constraint if exists FKdpbx2oo0uhp58l0dxbqdm6c3q
Hibernate: alter table if exists film_casting drop constraint if exists FKb2avfvx70nfcjk3e8p89v94vj
Hibernate: drop table if exists actor cascade
Hibernate: drop table if exists director cascade
Hibernate: drop table if exists film cascade
Hibernate: drop table if exists film_casting cascade
Hibernate: drop table if exists user_table cascade
Hibernate: create table actor (id serial not null, actor_name varchar(255), gender varchar(255) check (gender in ('M','F','N')), nationality varchar(255), primary key (id))
Hibernate: create table director (birth integer, film_id integer, id serial not null, award varchar(255), director_name varchar(255), primary key (id))
Hibernate: create table film (box_office float(53), id serial not null, release_year date, film_name varchar(255), genre varchar(255) check (genre in ('HISTORY','SPY','FANTASY','ROMANCE','ACTION')), primary key (id))
Hibernate: create table film_casting (actor_id integer not null, film_id integer not null, id serial not null, primary key (id), unique (film_id, actor_id))
Hibernate: create table user_table (id serial not null, role smallint not null check (role between 0 and 1), password varchar(255) not null, username varchar(255) not null, primary key (id))
Hibernate: alter table if exists director add constraint FKeox6rmuu3j7esmllq1cg022xa foreign key (film_id) references film
Hibernate: alter table if exists film_casting add constraint FKdpbx2oo0uhp58l0dxbqdm6c3q foreign key (actor_id) references actor on delete cascade
Hibernate: alter table if exists film_casting add constraint FKb2avfvx70nfcjk3e8p89v94vj foreign key (film_id) references film on delete cascade
2024-05-27T19:46:53.481+02:00  INFO 81660 --- [    Test worker] j.LocalContainerEntityManagerFactoryBean : Initialized JPA EntityManagerFactory for persistence unit 'default'
2024-05-27T19:46:53.734+02:00  INFO 81660 --- [    Test worker] o.s.d.j.r.query.QueryEnhancerFactory     : Hibernate is in classpath; If applicable, HQL parser will be used.
2024-05-27T19:46:54.615+02:00  INFO 81660 --- [    Test worker] o.s.s.web.DefaultSecurityFilterChain     : Will secure any request with [org.springframework.security.web.session.DisableEncodeUrlFilter@794eb6e7, org.springframework.security.web.context.request.async.WebAsyncManagerIntegrationFilter@13c0ced1, org.springframework.security.web.context.SecurityContextHolderFilter@71a18feb, org.springframework.security.web.header.HeaderWriterFilter@488bf7cd, org.springframework.web.filter.CorsFilter@3701acee, org.springframework.security.web.csrf.CsrfFilter@1b13e4fb, org.springframework.security.web.authentication.logout.LogoutFilter@427c8f6, org.springframework.security.web.authentication.UsernamePasswordAuthenticationFilter@d7ce31c, org.springframework.security.web.savedrequest.RequestCacheAwareFilter@7c1a5092, org.springframework.security.web.servletapi.SecurityContextHolderAwareRequestFilter@24663d05, org.springframework.security.web.authentication.AnonymousAuthenticationFilter@7ad0d002, org.springframework.security.web.access.ExceptionTranslationFilter@718212ef, org.springframework.security.web.access.intercept.AuthorizationFilter@25dd9eb6]
2024-05-27T19:46:55.193+02:00  INFO 81660 --- [    Test worker] o.s.b.t.m.w.SpringBootMockServletContext : Initializing Spring TestDispatcherServlet ''
2024-05-27T19:46:55.194+02:00  INFO 81660 --- [    Test worker] o.s.t.web.servlet.TestDispatcherServlet  : Initializing Servlet ''
2024-05-27T19:46:55.195+02:00  INFO 81660 --- [    Test worker] o.s.t.web.servlet.TestDispatcherServlet  : Completed initialization in 1 ms
2024-05-27T19:46:55.214+02:00  INFO 81660 --- [    Test worker] b.k.f.controller.mvc.FilmControllerTest  : Started FilmControllerTest in 4.459 seconds (process running for 5.89)
Hibernate: select u1_0.id,u1_0.password,u1_0.role,u1_0.username from user_table u1_0 where u1_0.username=?
Hibernate: insert into film (box_office,film_name,genre,release_year) values (?,?,?,?)
Hibernate: select f1_0.id,f1_0.box_office,f1_0.film_name,f1_0.genre,f1_0.release_year from film f1_0 where f1_0.id=?
Hibernate: select f1_0.id,f1_0.box_office,f1_0.film_name,f1_0.genre,f1_0.release_year from film f1_0 where f1_0.id=?
Hibernate: delete from film where id=?
]]></system-out>
  <system-err><![CDATA[]]></system-err>
</testsuite>
