<?xml version="1.0" encoding="UTF-8"?>
<testsuite name="be.kdg.film_project.controller.mvc.FilmControllerTest" tests="2" skipped="0" failures="0" errors="0" timestamp="2024-05-17T12:15:33" hostname="Sofias-MacBook-Air.local" time="1.78">
  <properties/>
  <testcase name="filmViewShouldAllowModificationIfAdminSignedIn()" classname="be.kdg.film_project.controller.mvc.FilmControllerTest" time="1.721"/>
  <testcase name="filmViewShouldBeRenderedWithFilmAndActorData()" classname="be.kdg.film_project.controller.mvc.FilmControllerTest" time="0.056"/>
  <system-out><![CDATA[2024-05-17T14:15:33.469+02:00  INFO 30531 --- [    Test worker] t.c.s.AnnotationConfigContextLoaderUtils : Could not detect default configuration classes for test class [be.kdg.film_project.controller.mvc.FilmControllerTest]: FilmControllerTest does not declare any static, non-private, non-final, nested classes annotated with @Configuration.
2024-05-17T14:15:33.541+02:00  INFO 30531 --- [    Test worker] .b.t.c.SpringBootTestContextBootstrapper : Found @SpringBootConfiguration be.kdg.StartApplication for test class be.kdg.film_project.controller.mvc.FilmControllerTest
2024-05-17T14:15:33.551+02:00 DEBUG 30531 --- [    Test worker] org.hibernate.SQL                        : select u1_0.id,u1_0.password,u1_0.role,u1_0.username from user_table u1_0 where u1_0.username=?
Hibernate: select u1_0.id,u1_0.password,u1_0.role,u1_0.username from user_table u1_0 where u1_0.username=?
2024-05-17T14:15:33.559+02:00 DEBUG 30531 --- [    Test worker] org.hibernate.SQL                        : insert into film (box_office,film_name,genre,release_year) values (?,?,?,?)
Hibernate: insert into film (box_office,film_name,genre,release_year) values (?,?,?,?)
2024-05-17T14:15:33.574+02:00 DEBUG 30531 --- [    Test worker] org.hibernate.SQL                        : select f1_0.id,f1_0.box_office,f1_0.film_name,f1_0.genre,f1_0.release_year from film f1_0 where f1_0.id=?
Hibernate: select f1_0.id,f1_0.box_office,f1_0.film_name,f1_0.genre,f1_0.release_year from film f1_0 where f1_0.id=?
2024-05-17T14:15:35.201+02:00 DEBUG 30531 --- [    Test worker] org.hibernate.SQL                        : select f1_0.id,f1_0.box_office,f1_0.film_name,f1_0.genre,f1_0.release_year from film f1_0 where f1_0.id=?
Hibernate: select f1_0.id,f1_0.box_office,f1_0.film_name,f1_0.genre,f1_0.release_year from film f1_0 where f1_0.id=?
2024-05-17T14:15:35.249+02:00 DEBUG 30531 --- [    Test worker] org.hibernate.SQL                        : delete from film where id=?
Hibernate: delete from film where id=?
2024-05-17T14:15:35.277+02:00 DEBUG 30531 --- [    Test worker] org.hibernate.SQL                        : select u1_0.id,u1_0.password,u1_0.role,u1_0.username from user_table u1_0 where u1_0.username=?
Hibernate: select u1_0.id,u1_0.password,u1_0.role,u1_0.username from user_table u1_0 where u1_0.username=?
2024-05-17T14:15:35.282+02:00 DEBUG 30531 --- [    Test worker] org.hibernate.SQL                        : insert into film (box_office,film_name,genre,release_year) values (?,?,?,?)
Hibernate: insert into film (box_office,film_name,genre,release_year) values (?,?,?,?)
2024-05-17T14:15:35.291+02:00 DEBUG 30531 --- [    Test worker] org.hibernate.SQL                        : select f1_0.id,f1_0.box_office,f1_0.film_name,f1_0.genre,f1_0.release_year from film f1_0 where f1_0.id=?
Hibernate: select f1_0.id,f1_0.box_office,f1_0.film_name,f1_0.genre,f1_0.release_year from film f1_0 where f1_0.id=?
2024-05-17T14:15:35.316+02:00 DEBUG 30531 --- [    Test worker] org.hibernate.SQL                        : select f1_0.id,f1_0.box_office,f1_0.film_name,f1_0.genre,f1_0.release_year from film f1_0 where f1_0.id=?
Hibernate: select f1_0.id,f1_0.box_office,f1_0.film_name,f1_0.genre,f1_0.release_year from film f1_0 where f1_0.id=?
2024-05-17T14:15:35.319+02:00 DEBUG 30531 --- [    Test worker] org.hibernate.SQL                        : delete from film where id=?
Hibernate: delete from film where id=?
]]></system-out>
  <system-err><![CDATA[]]></system-err>
</testsuite>
