<?xml version="1.0" encoding="UTF-8"?>
<testsuite name="be.kdg.film_project.controller.api.FilmsControllerTest" tests="7" skipped="0" failures="0" errors="0" timestamp="2024-05-23T21:38:44" hostname="Sofias-MacBook-Air.local" time="2.263">
  <properties/>
  <testcase name="changeFilmWithUserRoleReturnsForbidden()" classname="be.kdg.film_project.controller.api.FilmsControllerTest" time="0.979"/>
  <testcase name="changeFilmIsNotAllowedIfNotSignedIn()" classname="be.kdg.film_project.controller.api.FilmsControllerTest" time="0.082"/>
  <testcase name="getActorsOfFilmsShouldReturnNoContentIfNoAssignedActors()" classname="be.kdg.film_project.controller.api.FilmsControllerTest" time="0.324"/>
  <testcase name="changeFilmWithAdminRoleShouldReturnNoContent()" classname="be.kdg.film_project.controller.api.FilmsControllerTest" time="0.591"/>
  <testcase name="getActorsOfFilmsShouldReturnNotFoundForNonExistentIssue()" classname="be.kdg.film_project.controller.api.FilmsControllerTest" time="0.083"/>
  <testcase name="changeFilmShouldReturnNotFoundIfFilmDoesNotExist()" classname="be.kdg.film_project.controller.api.FilmsControllerTest" time="0.043"/>
  <testcase name="getActorsOfFilmsShouldReturnOkWithActors()" classname="be.kdg.film_project.controller.api.FilmsControllerTest" time="0.145"/>
  <system-out><![CDATA[23:38:38.453 [Test worker] INFO org.springframework.test.context.support.AnnotationConfigContextLoaderUtils -- Could not detect default configuration classes for test class [be.kdg.film_project.controller.api.FilmsControllerTest]: FilmsControllerTest does not declare any static, non-private, non-final, nested classes annotated with @Configuration.
23:38:38.586 [Test worker] INFO org.springframework.boot.test.context.SpringBootTestContextBootstrapper -- Found @SpringBootConfiguration be.kdg.StartApplication for test class be.kdg.film_project.controller.api.FilmsControllerTest

  .   ____          _            __ _ _
 /\\ / ___'_ __ _ _(_)_ __  __ _ \ \ \ \
( ( )\___ | '_ | '_| | '_ \/ _` | \ \ \ \
 \\/  ___)| |_)| | | | | || (_| |  ) ) ) )
  '  |____| .__|_| |_|_| |_\__, | / / / /
 =========|_|==============|___/=/_/_/_/
 :: Spring Boot ::                (v3.1.3)

2024-05-23T23:38:38.935+02:00  INFO 48929 --- [    Test worker] b.k.f.c.api.FilmsControllerTest          : Starting FilmsControllerTest using Java 21.0.2 with PID 48929 (started by sofiahmyria in /Users/sofiahmyria/IdeaProjects/programming-5)
2024-05-23T23:38:38.936+02:00  INFO 48929 --- [    Test worker] b.k.f.c.api.FilmsControllerTest          : The following 1 profile is active: "test"
2024-05-23T23:38:39.641+02:00  INFO 48929 --- [    Test worker] .s.d.r.c.RepositoryConfigurationDelegate : Bootstrapping Spring Data JPA repositories in DEFAULT mode.
2024-05-23T23:38:39.727+02:00  INFO 48929 --- [    Test worker] .s.d.r.c.RepositoryConfigurationDelegate : Finished Spring Data repository scanning in 73 ms. Found 5 JPA repository interfaces.
2024-05-23T23:38:40.215+02:00  INFO 48929 --- [    Test worker] o.hibernate.jpa.internal.util.LogHelper  : HHH000204: Processing PersistenceUnitInfo [name: default]
2024-05-23T23:38:40.324+02:00  INFO 48929 --- [    Test worker] org.hibernate.Version                    : HHH000412: Hibernate ORM core version 6.2.7.Final
2024-05-23T23:38:40.326+02:00  INFO 48929 --- [    Test worker] org.hibernate.cfg.Environment            : HHH000406: Using bytecode reflection optimizer
2024-05-23T23:38:40.464+02:00  INFO 48929 --- [    Test worker] o.h.b.i.BytecodeProviderInitiator        : HHH000021: Bytecode provider name : bytebuddy
2024-05-23T23:38:40.589+02:00  INFO 48929 --- [    Test worker] o.s.o.j.p.SpringPersistenceUnitInfo      : No LoadTimeWeaver setup: ignoring JPA class transformer
2024-05-23T23:38:40.613+02:00  INFO 48929 --- [    Test worker] com.zaxxer.hikari.HikariDataSource       : HikariPool-1 - Starting...
2024-05-23T23:38:41.045+02:00  INFO 48929 --- [    Test worker] com.zaxxer.hikari.pool.HikariPool        : HikariPool-1 - Added connection org.postgresql.jdbc.PgConnection@4656fcc5
2024-05-23T23:38:41.046+02:00  INFO 48929 --- [    Test worker] com.zaxxer.hikari.HikariDataSource       : HikariPool-1 - Start completed.
2024-05-23T23:38:41.356+02:00  INFO 48929 --- [    Test worker] o.h.b.i.BytecodeProviderInitiator        : HHH000021: Bytecode provider name : bytebuddy
2024-05-23T23:38:42.020+02:00  INFO 48929 --- [    Test worker] o.h.e.t.j.p.i.JtaPlatformInitiator       : HHH000490: Using JtaPlatform implementation: [org.hibernate.engine.transaction.jta.platform.internal.NoJtaPlatform]
2024-05-23T23:38:42.039+02:00 DEBUG 48929 --- [    Test worker] org.hibernate.SQL                        : alter table if exists director drop constraint if exists FKeox6rmuu3j7esmllq1cg022xa
Hibernate: alter table if exists director drop constraint if exists FKeox6rmuu3j7esmllq1cg022xa
2024-05-23T23:38:42.119+02:00 DEBUG 48929 --- [    Test worker] org.hibernate.SQL                        : alter table if exists film_casting drop constraint if exists FKdpbx2oo0uhp58l0dxbqdm6c3q
Hibernate: alter table if exists film_casting drop constraint if exists FKdpbx2oo0uhp58l0dxbqdm6c3q
2024-05-23T23:38:42.129+02:00 DEBUG 48929 --- [    Test worker] org.hibernate.SQL                        : alter table if exists film_casting drop constraint if exists FKb2avfvx70nfcjk3e8p89v94vj
Hibernate: alter table if exists film_casting drop constraint if exists FKb2avfvx70nfcjk3e8p89v94vj
2024-05-23T23:38:42.141+02:00 DEBUG 48929 --- [    Test worker] org.hibernate.SQL                        : drop table if exists actor cascade
Hibernate: drop table if exists actor cascade
2024-05-23T23:38:42.226+02:00 DEBUG 48929 --- [    Test worker] org.hibernate.SQL                        : drop table if exists director cascade
Hibernate: drop table if exists director cascade
2024-05-23T23:38:42.241+02:00 DEBUG 48929 --- [    Test worker] org.hibernate.SQL                        : drop table if exists film cascade
Hibernate: drop table if exists film cascade
2024-05-23T23:38:42.249+02:00 DEBUG 48929 --- [    Test worker] org.hibernate.SQL                        : drop table if exists film_casting cascade
Hibernate: drop table if exists film_casting cascade
2024-05-23T23:38:42.257+02:00 DEBUG 48929 --- [    Test worker] org.hibernate.SQL                        : drop table if exists user_table cascade
Hibernate: drop table if exists user_table cascade
2024-05-23T23:38:42.269+02:00 DEBUG 48929 --- [    Test worker] org.hibernate.SQL                        : create table actor (id serial not null, actor_name varchar(255), gender varchar(255) check (gender in ('M','F','N')), nationality varchar(255), primary key (id))
Hibernate: create table actor (id serial not null, actor_name varchar(255), gender varchar(255) check (gender in ('M','F','N')), nationality varchar(255), primary key (id))
2024-05-23T23:38:42.376+02:00 DEBUG 48929 --- [    Test worker] org.hibernate.SQL                        : create table director (birth integer, film_id integer, id serial not null, award varchar(255), director_name varchar(255), primary key (id))
Hibernate: create table director (birth integer, film_id integer, id serial not null, award varchar(255), director_name varchar(255), primary key (id))
2024-05-23T23:38:42.384+02:00 DEBUG 48929 --- [    Test worker] org.hibernate.SQL                        : create table film (box_office float(53), id serial not null, release_year date, film_name varchar(255), genre varchar(255) check (genre in ('HISTORY','SPY','FANTASY','ROMANCE','ACTION')), primary key (id))
Hibernate: create table film (box_office float(53), id serial not null, release_year date, film_name varchar(255), genre varchar(255) check (genre in ('HISTORY','SPY','FANTASY','ROMANCE','ACTION')), primary key (id))
2024-05-23T23:38:42.394+02:00 DEBUG 48929 --- [    Test worker] org.hibernate.SQL                        : create table film_casting (actor_id integer not null, film_id integer not null, id serial not null, primary key (id), constraint UKgprrdn7mj3rol443mt5qn0fls unique (film_id, actor_id))
Hibernate: create table film_casting (actor_id integer not null, film_id integer not null, id serial not null, primary key (id), constraint UKgprrdn7mj3rol443mt5qn0fls unique (film_id, actor_id))
2024-05-23T23:38:42.411+02:00 DEBUG 48929 --- [    Test worker] org.hibernate.SQL                        : create table user_table (id serial not null, role smallint not null check (role between 0 and 1), password varchar(255) not null, username varchar(255) not null, primary key (id))
Hibernate: create table user_table (id serial not null, role smallint not null check (role between 0 and 1), password varchar(255) not null, username varchar(255) not null, primary key (id))
2024-05-23T23:38:42.431+02:00 DEBUG 48929 --- [    Test worker] org.hibernate.SQL                        : alter table if exists director add constraint FKeox6rmuu3j7esmllq1cg022xa foreign key (film_id) references film
Hibernate: alter table if exists director add constraint FKeox6rmuu3j7esmllq1cg022xa foreign key (film_id) references film
2024-05-23T23:38:42.469+02:00 DEBUG 48929 --- [    Test worker] org.hibernate.SQL                        : alter table if exists film_casting add constraint FKdpbx2oo0uhp58l0dxbqdm6c3q foreign key (actor_id) references actor on delete cascade
Hibernate: alter table if exists film_casting add constraint FKdpbx2oo0uhp58l0dxbqdm6c3q foreign key (actor_id) references actor on delete cascade
2024-05-23T23:38:42.479+02:00 DEBUG 48929 --- [    Test worker] org.hibernate.SQL                        : alter table if exists film_casting add constraint FKb2avfvx70nfcjk3e8p89v94vj foreign key (film_id) references film on delete cascade
Hibernate: alter table if exists film_casting add constraint FKb2avfvx70nfcjk3e8p89v94vj foreign key (film_id) references film on delete cascade
2024-05-23T23:38:42.484+02:00  INFO 48929 --- [    Test worker] j.LocalContainerEntityManagerFactoryBean : Initialized JPA EntityManagerFactory for persistence unit 'default'
2024-05-23T23:38:42.760+02:00  INFO 48929 --- [    Test worker] o.s.d.j.r.query.QueryEnhancerFactory     : Hibernate is in classpath; If applicable, HQL parser will be used.
2024-05-23T23:38:43.372+02:00  INFO 48929 --- [    Test worker] o.s.s.web.DefaultSecurityFilterChain     : Will secure any request with [org.springframework.security.web.session.DisableEncodeUrlFilter@7d440378, org.springframework.security.web.context.request.async.WebAsyncManagerIntegrationFilter@6d1c15cb, org.springframework.security.web.context.SecurityContextHolderFilter@2a1fce44, org.springframework.security.web.header.HeaderWriterFilter@2f89b44e, org.springframework.security.web.csrf.CsrfFilter@3debeb5e, org.springframework.security.web.authentication.logout.LogoutFilter@1639ec7a, org.springframework.security.web.authentication.UsernamePasswordAuthenticationFilter@36c8e1c6, org.springframework.security.web.savedrequest.RequestCacheAwareFilter@6b5fdbd0, org.springframework.security.web.servletapi.SecurityContextHolderAwareRequestFilter@349469db, org.springframework.security.web.authentication.AnonymousAuthenticationFilter@7597ae32, org.springframework.security.web.access.ExceptionTranslationFilter@7f746160, org.springframework.security.web.access.intercept.AuthorizationFilter@2ccfd2cb]
2024-05-23T23:38:44.022+02:00  INFO 48929 --- [    Test worker] o.s.b.t.m.w.SpringBootMockServletContext : Initializing Spring TestDispatcherServlet ''
2024-05-23T23:38:44.024+02:00  INFO 48929 --- [    Test worker] o.s.t.web.servlet.TestDispatcherServlet  : Initializing Servlet ''
2024-05-23T23:38:44.028+02:00  INFO 48929 --- [    Test worker] o.s.t.web.servlet.TestDispatcherServlet  : Completed initialization in 3 ms
2024-05-23T23:38:44.057+02:00  INFO 48929 --- [    Test worker] b.k.f.c.api.FilmsControllerTest          : Started FilmsControllerTest in 5.321 seconds (process running for 6.504)
2024-05-23T23:38:44.185+02:00 DEBUG 48929 --- [    Test worker] org.hibernate.SQL                        : select u1_0.id,u1_0.password,u1_0.role,u1_0.username from user_table u1_0 where u1_0.username=?
Hibernate: select u1_0.id,u1_0.password,u1_0.role,u1_0.username from user_table u1_0 where u1_0.username=?
2024-05-23T23:38:44.840+02:00 DEBUG 48929 --- [    Test worker] org.hibernate.SQL                        : insert into film (box_office,film_name,genre,release_year) values (?,?,?,?)
Hibernate: insert into film (box_office,film_name,genre,release_year) values (?,?,?,?)
2024-05-23T23:38:44.873+02:00 DEBUG 48929 --- [    Test worker] org.hibernate.SQL                        : insert into film (box_office,film_name,genre,release_year) values (?,?,?,?)
Hibernate: insert into film (box_office,film_name,genre,release_year) values (?,?,?,?)
2024-05-23T23:38:44.892+02:00 DEBUG 48929 --- [    Test worker] org.hibernate.SQL                        : select a1_0.id,a1_0.actor_name,a1_0.gender,a1_0.nationality from actor a1_0 where a1_0.id=?
Hibernate: select a1_0.id,a1_0.actor_name,a1_0.gender,a1_0.nationality from actor a1_0 where a1_0.id=?
2024-05-23T23:38:44.912+02:00 DEBUG 48929 --- [    Test worker] org.hibernate.SQL                        : insert into film_casting (actor_id,film_id) values (?,?)
Hibernate: insert into film_casting (actor_id,film_id) values (?,?)
2024-05-23T23:38:44.968+02:00 DEBUG 48929 --- [    Test worker] org.hibernate.SQL                        : select f1_0.id,f1_0.actor_id,f1_0.film_id from film_casting f1_0 where f1_0.id=?
Hibernate: select f1_0.id,f1_0.actor_id,f1_0.film_id from film_casting f1_0 where f1_0.id=?
2024-05-23T23:38:44.980+02:00 DEBUG 48929 --- [    Test worker] org.hibernate.SQL                        : delete from film_casting where id=?
Hibernate: delete from film_casting where id=?
2024-05-23T23:38:44.997+02:00 DEBUG 48929 --- [    Test worker] org.hibernate.SQL                        : select f1_0.id,f1_0.box_office,f1_0.film_name,f1_0.genre,f1_0.release_year from film f1_0 where f1_0.id=?
Hibernate: select f1_0.id,f1_0.box_office,f1_0.film_name,f1_0.genre,f1_0.release_year from film f1_0 where f1_0.id=?
2024-05-23T23:38:45.007+02:00 DEBUG 48929 --- [    Test worker] org.hibernate.SQL                        : delete from film where id=?
Hibernate: delete from film where id=?
2024-05-23T23:38:45.062+02:00 DEBUG 48929 --- [    Test worker] org.hibernate.SQL                        : insert into film (box_office,film_name,genre,release_year) values (?,?,?,?)
Hibernate: insert into film (box_office,film_name,genre,release_year) values (?,?,?,?)
2024-05-23T23:38:45.071+02:00 DEBUG 48929 --- [    Test worker] org.hibernate.SQL                        : insert into film (box_office,film_name,genre,release_year) values (?,?,?,?)
Hibernate: insert into film (box_office,film_name,genre,release_year) values (?,?,?,?)
2024-05-23T23:38:45.079+02:00 DEBUG 48929 --- [    Test worker] org.hibernate.SQL                        : select a1_0.id,a1_0.actor_name,a1_0.gender,a1_0.nationality from actor a1_0 where a1_0.id=?
Hibernate: select a1_0.id,a1_0.actor_name,a1_0.gender,a1_0.nationality from actor a1_0 where a1_0.id=?
2024-05-23T23:38:45.083+02:00 DEBUG 48929 --- [    Test worker] org.hibernate.SQL                        : insert into film_casting (actor_id,film_id) values (?,?)
Hibernate: insert into film_casting (actor_id,film_id) values (?,?)
2024-05-23T23:38:45.118+02:00 DEBUG 48929 --- [    Test worker] org.hibernate.SQL                        : select f1_0.id,f1_0.actor_id,f1_0.film_id from film_casting f1_0 where f1_0.id=?
Hibernate: select f1_0.id,f1_0.actor_id,f1_0.film_id from film_casting f1_0 where f1_0.id=?
2024-05-23T23:38:45.124+02:00 DEBUG 48929 --- [    Test worker] org.hibernate.SQL                        : delete from film_casting where id=?
Hibernate: delete from film_casting where id=?
2024-05-23T23:38:45.130+02:00 DEBUG 48929 --- [    Test worker] org.hibernate.SQL                        : select f1_0.id,f1_0.box_office,f1_0.film_name,f1_0.genre,f1_0.release_year from film f1_0 where f1_0.id=?
Hibernate: select f1_0.id,f1_0.box_office,f1_0.film_name,f1_0.genre,f1_0.release_year from film f1_0 where f1_0.id=?
2024-05-23T23:38:45.133+02:00 DEBUG 48929 --- [    Test worker] org.hibernate.SQL                        : delete from film where id=?
Hibernate: delete from film where id=?
2024-05-23T23:38:45.145+02:00 DEBUG 48929 --- [    Test worker] org.hibernate.SQL                        : insert into film (box_office,film_name,genre,release_year) values (?,?,?,?)
Hibernate: insert into film (box_office,film_name,genre,release_year) values (?,?,?,?)
2024-05-23T23:38:45.159+02:00 DEBUG 48929 --- [    Test worker] org.hibernate.SQL                        : insert into film (box_office,film_name,genre,release_year) values (?,?,?,?)
Hibernate: insert into film (box_office,film_name,genre,release_year) values (?,?,?,?)
2024-05-23T23:38:45.175+02:00 DEBUG 48929 --- [    Test worker] org.hibernate.SQL                        : select a1_0.id,a1_0.actor_name,a1_0.gender,a1_0.nationality from actor a1_0 where a1_0.id=?
Hibernate: select a1_0.id,a1_0.actor_name,a1_0.gender,a1_0.nationality from actor a1_0 where a1_0.id=?
2024-05-23T23:38:45.186+02:00 DEBUG 48929 --- [    Test worker] org.hibernate.SQL                        : insert into film_casting (actor_id,film_id) values (?,?)
Hibernate: insert into film_casting (actor_id,film_id) values (?,?)
2024-05-23T23:38:45.344+02:00 DEBUG 48929 --- [    Test worker] org.hibernate.SQL                        : select f1_0.id,f1_0.box_office,c1_0.film_id,c1_0.id,c1_0.actor_id,a1_0.id,a1_0.actor_name,a1_0.gender,a1_0.nationality,f1_0.film_name,f1_0.genre,f1_0.release_year from film f1_0 left join film_casting c1_0 on f1_0.id=c1_0.film_id left join actor a1_0 on a1_0.id=c1_0.actor_id where f1_0.id=?
Hibernate: select f1_0.id,f1_0.box_office,c1_0.film_id,c1_0.id,c1_0.actor_id,a1_0.id,a1_0.actor_name,a1_0.gender,a1_0.nationality,f1_0.film_name,f1_0.genre,f1_0.release_year from film f1_0 left join film_casting c1_0 on f1_0.id=c1_0.film_id left join actor a1_0 on a1_0.id=c1_0.actor_id where f1_0.id=?
2024-05-23T23:38:45.423+02:00 DEBUG 48929 --- [    Test worker] org.hibernate.SQL                        : select f1_0.id,f1_0.actor_id,f1_0.film_id from film_casting f1_0 where f1_0.id=?
Hibernate: select f1_0.id,f1_0.actor_id,f1_0.film_id from film_casting f1_0 where f1_0.id=?
2024-05-23T23:38:45.426+02:00 DEBUG 48929 --- [    Test worker] org.hibernate.SQL                        : delete from film_casting where id=?
Hibernate: delete from film_casting where id=?
2024-05-23T23:38:45.441+02:00 DEBUG 48929 --- [    Test worker] org.hibernate.SQL                        : select f1_0.id,f1_0.box_office,f1_0.film_name,f1_0.genre,f1_0.release_year from film f1_0 where f1_0.id=?
Hibernate: select f1_0.id,f1_0.box_office,f1_0.film_name,f1_0.genre,f1_0.release_year from film f1_0 where f1_0.id=?
2024-05-23T23:38:45.447+02:00 DEBUG 48929 --- [    Test worker] org.hibernate.SQL                        : delete from film where id=?
Hibernate: delete from film where id=?
2024-05-23T23:38:45.475+02:00 DEBUG 48929 --- [    Test worker] org.hibernate.SQL                        : select u1_0.id,u1_0.password,u1_0.role,u1_0.username from user_table u1_0 where u1_0.username=?
Hibernate: select u1_0.id,u1_0.password,u1_0.role,u1_0.username from user_table u1_0 where u1_0.username=?
2024-05-23T23:38:45.489+02:00 DEBUG 48929 --- [    Test worker] org.hibernate.SQL                        : insert into film (box_office,film_name,genre,release_year) values (?,?,?,?)
Hibernate: insert into film (box_office,film_name,genre,release_year) values (?,?,?,?)
2024-05-23T23:38:45.510+02:00 DEBUG 48929 --- [    Test worker] org.hibernate.SQL                        : insert into film (box_office,film_name,genre,release_year) values (?,?,?,?)
Hibernate: insert into film (box_office,film_name,genre,release_year) values (?,?,?,?)
2024-05-23T23:38:45.528+02:00 DEBUG 48929 --- [    Test worker] org.hibernate.SQL                        : select a1_0.id,a1_0.actor_name,a1_0.gender,a1_0.nationality from actor a1_0 where a1_0.id=?
Hibernate: select a1_0.id,a1_0.actor_name,a1_0.gender,a1_0.nationality from actor a1_0 where a1_0.id=?
2024-05-23T23:38:45.536+02:00 DEBUG 48929 --- [    Test worker] org.hibernate.SQL                        : insert into film_casting (actor_id,film_id) values (?,?)
Hibernate: insert into film_casting (actor_id,film_id) values (?,?)
2024-05-23T23:38:45.857+02:00 DEBUG 48929 --- [    Test worker] org.hibernate.SQL                        : select f1_0.id,f1_0.box_office,f1_0.film_name,f1_0.genre,f1_0.release_year from film f1_0 where f1_0.id=?
Hibernate: select f1_0.id,f1_0.box_office,f1_0.film_name,f1_0.genre,f1_0.release_year from film f1_0 where f1_0.id=?
2024-05-23T23:38:45.922+02:00 DEBUG 48929 --- [    Test worker] org.hibernate.SQL                        : select f1_0.id,f1_0.box_office,f1_0.film_name,f1_0.genre,f1_0.release_year from film f1_0 where f1_0.id=?
Hibernate: select f1_0.id,f1_0.box_office,f1_0.film_name,f1_0.genre,f1_0.release_year from film f1_0 where f1_0.id=?
2024-05-23T23:38:45.955+02:00 DEBUG 48929 --- [    Test worker] org.hibernate.SQL                        : update film set box_office=?,film_name=?,genre=?,release_year=? where id=?
Hibernate: update film set box_office=?,film_name=?,genre=?,release_year=? where id=?
2024-05-23T23:38:46.033+02:00 DEBUG 48929 --- [    Test worker] org.hibernate.SQL                        : select f1_0.id,f1_0.actor_id,f1_0.film_id from film_casting f1_0 where f1_0.id=?
Hibernate: select f1_0.id,f1_0.actor_id,f1_0.film_id from film_casting f1_0 where f1_0.id=?
2024-05-23T23:38:46.045+02:00 DEBUG 48929 --- [    Test worker] org.hibernate.SQL                        : delete from film_casting where id=?
Hibernate: delete from film_casting where id=?
2024-05-23T23:38:46.050+02:00 DEBUG 48929 --- [    Test worker] org.hibernate.SQL                        : select f1_0.id,f1_0.box_office,f1_0.film_name,f1_0.genre,f1_0.release_year from film f1_0 where f1_0.id=?
Hibernate: select f1_0.id,f1_0.box_office,f1_0.film_name,f1_0.genre,f1_0.release_year from film f1_0 where f1_0.id=?
2024-05-23T23:38:46.054+02:00 DEBUG 48929 --- [    Test worker] org.hibernate.SQL                        : delete from film where id=?
Hibernate: delete from film where id=?
2024-05-23T23:38:46.067+02:00 DEBUG 48929 --- [    Test worker] org.hibernate.SQL                        : insert into film (box_office,film_name,genre,release_year) values (?,?,?,?)
Hibernate: insert into film (box_office,film_name,genre,release_year) values (?,?,?,?)
2024-05-23T23:38:46.094+02:00 DEBUG 48929 --- [    Test worker] org.hibernate.SQL                        : insert into film (box_office,film_name,genre,release_year) values (?,?,?,?)
Hibernate: insert into film (box_office,film_name,genre,release_year) values (?,?,?,?)
2024-05-23T23:38:46.111+02:00 DEBUG 48929 --- [    Test worker] org.hibernate.SQL                        : select a1_0.id,a1_0.actor_name,a1_0.gender,a1_0.nationality from actor a1_0 where a1_0.id=?
Hibernate: select a1_0.id,a1_0.actor_name,a1_0.gender,a1_0.nationality from actor a1_0 where a1_0.id=?
2024-05-23T23:38:46.117+02:00 DEBUG 48929 --- [    Test worker] org.hibernate.SQL                        : insert into film_casting (actor_id,film_id) values (?,?)
Hibernate: insert into film_casting (actor_id,film_id) values (?,?)
2024-05-23T23:38:46.127+02:00 DEBUG 48929 --- [    Test worker] org.hibernate.SQL                        : select f1_0.id,f1_0.box_office,c1_0.film_id,c1_0.id,c1_0.actor_id,a1_0.id,a1_0.actor_name,a1_0.gender,a1_0.nationality,f1_0.film_name,f1_0.genre,f1_0.release_year from film f1_0 left join film_casting c1_0 on f1_0.id=c1_0.film_id left join actor a1_0 on a1_0.id=c1_0.actor_id where f1_0.id=?
Hibernate: select f1_0.id,f1_0.box_office,c1_0.film_id,c1_0.id,c1_0.actor_id,a1_0.id,a1_0.actor_name,a1_0.gender,a1_0.nationality,f1_0.film_name,f1_0.genre,f1_0.release_year from film f1_0 left join film_casting c1_0 on f1_0.id=c1_0.film_id left join actor a1_0 on a1_0.id=c1_0.actor_id where f1_0.id=?
2024-05-23T23:38:46.131+02:00 DEBUG 48929 --- [    Test worker] org.hibernate.SQL                        : select f1_0.id,f1_0.actor_id,f1_0.film_id from film_casting f1_0 where f1_0.id=?
Hibernate: select f1_0.id,f1_0.actor_id,f1_0.film_id from film_casting f1_0 where f1_0.id=?
2024-05-23T23:38:46.133+02:00 DEBUG 48929 --- [    Test worker] org.hibernate.SQL                        : delete from film_casting where id=?
Hibernate: delete from film_casting where id=?
2024-05-23T23:38:46.139+02:00 DEBUG 48929 --- [    Test worker] org.hibernate.SQL                        : select f1_0.id,f1_0.box_office,f1_0.film_name,f1_0.genre,f1_0.release_year from film f1_0 where f1_0.id=?
Hibernate: select f1_0.id,f1_0.box_office,f1_0.film_name,f1_0.genre,f1_0.release_year from film f1_0 where f1_0.id=?
2024-05-23T23:38:46.142+02:00 DEBUG 48929 --- [    Test worker] org.hibernate.SQL                        : delete from film where id=?
Hibernate: delete from film where id=?
2024-05-23T23:38:46.150+02:00 DEBUG 48929 --- [    Test worker] org.hibernate.SQL                        : select u1_0.id,u1_0.password,u1_0.role,u1_0.username from user_table u1_0 where u1_0.username=?
Hibernate: select u1_0.id,u1_0.password,u1_0.role,u1_0.username from user_table u1_0 where u1_0.username=?
2024-05-23T23:38:46.153+02:00 DEBUG 48929 --- [    Test worker] org.hibernate.SQL                        : insert into film (box_office,film_name,genre,release_year) values (?,?,?,?)
Hibernate: insert into film (box_office,film_name,genre,release_year) values (?,?,?,?)
2024-05-23T23:38:46.156+02:00 DEBUG 48929 --- [    Test worker] org.hibernate.SQL                        : insert into film (box_office,film_name,genre,release_year) values (?,?,?,?)
Hibernate: insert into film (box_office,film_name,genre,release_year) values (?,?,?,?)
2024-05-23T23:38:46.159+02:00 DEBUG 48929 --- [    Test worker] org.hibernate.SQL                        : select a1_0.id,a1_0.actor_name,a1_0.gender,a1_0.nationality from actor a1_0 where a1_0.id=?
Hibernate: select a1_0.id,a1_0.actor_name,a1_0.gender,a1_0.nationality from actor a1_0 where a1_0.id=?
2024-05-23T23:38:46.161+02:00 DEBUG 48929 --- [    Test worker] org.hibernate.SQL                        : insert into film_casting (actor_id,film_id) values (?,?)
Hibernate: insert into film_casting (actor_id,film_id) values (?,?)
2024-05-23T23:38:46.167+02:00 DEBUG 48929 --- [    Test worker] org.hibernate.SQL                        : select f1_0.id,f1_0.box_office,f1_0.film_name,f1_0.genre,f1_0.release_year from film f1_0 where f1_0.id=?
Hibernate: select f1_0.id,f1_0.box_office,f1_0.film_name,f1_0.genre,f1_0.release_year from film f1_0 where f1_0.id=?
2024-05-23T23:38:46.175+02:00 DEBUG 48929 --- [    Test worker] org.hibernate.SQL                        : select f1_0.id,f1_0.actor_id,f1_0.film_id from film_casting f1_0 where f1_0.id=?
Hibernate: select f1_0.id,f1_0.actor_id,f1_0.film_id from film_casting f1_0 where f1_0.id=?
2024-05-23T23:38:46.180+02:00 DEBUG 48929 --- [    Test worker] org.hibernate.SQL                        : delete from film_casting where id=?
Hibernate: delete from film_casting where id=?
2024-05-23T23:38:46.183+02:00 DEBUG 48929 --- [    Test worker] org.hibernate.SQL                        : select f1_0.id,f1_0.box_office,f1_0.film_name,f1_0.genre,f1_0.release_year from film f1_0 where f1_0.id=?
Hibernate: select f1_0.id,f1_0.box_office,f1_0.film_name,f1_0.genre,f1_0.release_year from film f1_0 where f1_0.id=?
2024-05-23T23:38:46.186+02:00 DEBUG 48929 --- [    Test worker] org.hibernate.SQL                        : delete from film where id=?
Hibernate: delete from film where id=?
2024-05-23T23:38:46.195+02:00 DEBUG 48929 --- [    Test worker] org.hibernate.SQL                        : insert into film (box_office,film_name,genre,release_year) values (?,?,?,?)
Hibernate: insert into film (box_office,film_name,genre,release_year) values (?,?,?,?)
2024-05-23T23:38:46.199+02:00 DEBUG 48929 --- [    Test worker] org.hibernate.SQL                        : insert into film (box_office,film_name,genre,release_year) values (?,?,?,?)
Hibernate: insert into film (box_office,film_name,genre,release_year) values (?,?,?,?)
2024-05-23T23:38:46.203+02:00 DEBUG 48929 --- [    Test worker] org.hibernate.SQL                        : select a1_0.id,a1_0.actor_name,a1_0.gender,a1_0.nationality from actor a1_0 where a1_0.id=?
Hibernate: select a1_0.id,a1_0.actor_name,a1_0.gender,a1_0.nationality from actor a1_0 where a1_0.id=?
2024-05-23T23:38:46.205+02:00 DEBUG 48929 --- [    Test worker] org.hibernate.SQL                        : insert into film_casting (actor_id,film_id) values (?,?)
Hibernate: insert into film_casting (actor_id,film_id) values (?,?)
2024-05-23T23:38:46.211+02:00 DEBUG 48929 --- [    Test worker] org.hibernate.SQL                        : select f1_0.id,f1_0.box_office,c1_0.film_id,c1_0.id,c1_0.actor_id,a1_0.id,a1_0.actor_name,a1_0.gender,a1_0.nationality,f1_0.film_name,f1_0.genre,f1_0.release_year from film f1_0 left join film_casting c1_0 on f1_0.id=c1_0.film_id left join actor a1_0 on a1_0.id=c1_0.actor_id where f1_0.id=?
Hibernate: select f1_0.id,f1_0.box_office,c1_0.film_id,c1_0.id,c1_0.actor_id,a1_0.id,a1_0.actor_name,a1_0.gender,a1_0.nationality,f1_0.film_name,f1_0.genre,f1_0.release_year from film f1_0 left join film_casting c1_0 on f1_0.id=c1_0.film_id left join actor a1_0 on a1_0.id=c1_0.actor_id where f1_0.id=?

MockHttpServletRequest:
      HTTP Method = GET
      Request URI = /api/extraFilmInfo/1/actors
       Parameters = {}
          Headers = [Accept:"application/json"]
             Body = null
    Session Attrs = {}

Handler:
             Type = be.kdg.film_project.controller.api.FilmsController
           Method = be.kdg.film_project.controller.api.FilmsController#getActorsOfFilms(int)

Async:
    Async started = false
     Async result = null

Resolved Exception:
             Type = null

ModelAndView:
        View name = null
             View = null
            Model = null

FlashMap:
       Attributes = null

MockHttpServletResponse:
           Status = 200
    Error message = null
          Headers = [Vary:"Origin", "Access-Control-Request-Method", "Access-Control-Request-Headers", Content-Type:"application/json", X-Content-Type-Options:"nosniff", X-XSS-Protection:"0", Cache-Control:"no-cache, no-store, max-age=0, must-revalidate", Pragma:"no-cache", Expires:"0", X-Frame-Options:"DENY"]
     Content type = application/json
             Body = [{"actorName":"Killian Merphy","gender":"M","nationality":"Irish","id":1},{"actorName":"Rami Malek","gender":"M","nationality":"American","id":4}]
    Forwarded URL = null
   Redirected URL = null
          Cookies = []
2024-05-23T23:38:46.322+02:00 DEBUG 48929 --- [    Test worker] org.hibernate.SQL                        : select f1_0.id,f1_0.actor_id,f1_0.film_id from film_casting f1_0 where f1_0.id=?
Hibernate: select f1_0.id,f1_0.actor_id,f1_0.film_id from film_casting f1_0 where f1_0.id=?
2024-05-23T23:38:46.327+02:00 DEBUG 48929 --- [    Test worker] org.hibernate.SQL                        : delete from film_casting where id=?
Hibernate: delete from film_casting where id=?
2024-05-23T23:38:46.331+02:00 DEBUG 48929 --- [    Test worker] org.hibernate.SQL                        : select f1_0.id,f1_0.box_office,f1_0.film_name,f1_0.genre,f1_0.release_year from film f1_0 where f1_0.id=?
Hibernate: select f1_0.id,f1_0.box_office,f1_0.film_name,f1_0.genre,f1_0.release_year from film f1_0 where f1_0.id=?
2024-05-23T23:38:46.334+02:00 DEBUG 48929 --- [    Test worker] org.hibernate.SQL                        : delete from film where id=?
Hibernate: delete from film where id=?
]]></system-out>
  <system-err><![CDATA[WARNING: A Java agent has been loaded dynamically (/Users/sofiahmyria/.gradle/caches/modules-2/files-2.1/net.bytebuddy/byte-buddy-agent/1.14.6/46e2545d7a97b6ccb195621650c5957279eb4812/byte-buddy-agent-1.14.6.jar)
WARNING: If a serviceability tool is in use, please run with -XX:+EnableDynamicAgentLoading to hide this warning
WARNING: If a serviceability tool is not in use, please run with -Djdk.instrument.traceUsage for more information
WARNING: Dynamic loading of agents will be disallowed by default in a future release
]]></system-err>
</testsuite>
