<?xml version="1.0" encoding="UTF-8"?>
<testsuite name="be.kdg.film_project.service.impl.ActorJpaServiceUnitTest" tests="2" skipped="0" failures="0" errors="0" timestamp="2024-05-23T21:38:53" hostname="Sofias-MacBook-Air.local" time="0.037">
  <properties/>
  <testcase name="updateInfoSucceedsWhenActorExists()" classname="be.kdg.film_project.service.impl.ActorJpaServiceUnitTest" time="0.03"/>
  <testcase name="updateInfoFailsWhenActorDoesntExist()" classname="be.kdg.film_project.service.impl.ActorJpaServiceUnitTest" time="0.005"/>
  <system-out><![CDATA[2024-05-23T23:38:51.828+02:00  INFO 48929 --- [    Test worker] t.c.s.AnnotationConfigContextLoaderUtils : Could not detect default configuration classes for test class [be.kdg.film_project.service.impl.ActorJpaServiceUnitTest]: ActorJpaServiceUnitTest does not declare any static, non-private, non-final, nested classes annotated with @Configuration.
2024-05-23T23:38:51.831+02:00  INFO 48929 --- [    Test worker] .b.t.c.SpringBootTestContextBootstrapper : Found @SpringBootConfiguration be.kdg.StartApplication for test class be.kdg.film_project.service.impl.ActorJpaServiceUnitTest

  .   ____          _            __ _ _
 /\\ / ___'_ __ _ _(_)_ __  __ _ \ \ \ \
( ( )\___ | '_ | '_| | '_ \/ _` | \ \ \ \
 \\/  ___)| |_)| | | | | || (_| |  ) ) ) )
  '  |____| .__|_| |_|_| |_\__, | / / / /
 =========|_|==============|___/=/_/_/_/
 :: Spring Boot ::                (v3.1.3)

2024-05-23T23:38:51.865+02:00  INFO 48929 --- [    Test worker] b.k.f.s.impl.ActorJpaServiceUnitTest     : Starting ActorJpaServiceUnitTest using Java 21.0.2 with PID 48929 (started by sofiahmyria in /Users/sofiahmyria/IdeaProjects/programming-5)
2024-05-23T23:38:51.866+02:00  INFO 48929 --- [    Test worker] b.k.f.s.impl.ActorJpaServiceUnitTest     : The following 1 profile is active: "test"
2024-05-23T23:38:52.154+02:00  INFO 48929 --- [    Test worker] .s.d.r.c.RepositoryConfigurationDelegate : Bootstrapping Spring Data JPA repositories in DEFAULT mode.
2024-05-23T23:38:52.173+02:00  INFO 48929 --- [    Test worker] .s.d.r.c.RepositoryConfigurationDelegate : Finished Spring Data repository scanning in 18 ms. Found 5 JPA repository interfaces.
2024-05-23T23:38:52.475+02:00  INFO 48929 --- [    Test worker] o.hibernate.jpa.internal.util.LogHelper  : HHH000204: Processing PersistenceUnitInfo [name: default]
2024-05-23T23:38:52.484+02:00  INFO 48929 --- [    Test worker] o.h.b.i.BytecodeProviderInitiator        : HHH000021: Bytecode provider name : bytebuddy
2024-05-23T23:38:52.484+02:00  INFO 48929 --- [    Test worker] o.s.o.j.p.SpringPersistenceUnitInfo      : No LoadTimeWeaver setup: ignoring JPA class transformer
2024-05-23T23:38:52.486+02:00  INFO 48929 --- [    Test worker] com.zaxxer.hikari.HikariDataSource       : HikariPool-4 - Starting...
2024-05-23T23:38:52.618+02:00  INFO 48929 --- [    Test worker] com.zaxxer.hikari.pool.HikariPool        : HikariPool-4 - Added connection org.postgresql.jdbc.PgConnection@3ad7a94
2024-05-23T23:38:52.618+02:00  INFO 48929 --- [    Test worker] com.zaxxer.hikari.HikariDataSource       : HikariPool-4 - Start completed.
2024-05-23T23:38:52.668+02:00  INFO 48929 --- [    Test worker] o.h.b.i.BytecodeProviderInitiator        : HHH000021: Bytecode provider name : bytebuddy
2024-05-23T23:38:52.741+02:00  INFO 48929 --- [    Test worker] o.h.e.t.j.p.i.JtaPlatformInitiator       : HHH000490: Using JtaPlatform implementation: [org.hibernate.engine.transaction.jta.platform.internal.NoJtaPlatform]
2024-05-23T23:38:52.741+02:00 DEBUG 48929 --- [    Test worker] org.hibernate.SQL                        : alter table if exists director drop constraint if exists FKeox6rmuu3j7esmllq1cg022xa
Hibernate: alter table if exists director drop constraint if exists FKeox6rmuu3j7esmllq1cg022xa
2024-05-23T23:38:52.750+02:00 DEBUG 48929 --- [    Test worker] org.hibernate.SQL                        : alter table if exists film_casting drop constraint if exists FKdpbx2oo0uhp58l0dxbqdm6c3q
Hibernate: alter table if exists film_casting drop constraint if exists FKdpbx2oo0uhp58l0dxbqdm6c3q
2024-05-23T23:38:52.755+02:00 DEBUG 48929 --- [    Test worker] org.hibernate.SQL                        : alter table if exists film_casting drop constraint if exists FKb2avfvx70nfcjk3e8p89v94vj
Hibernate: alter table if exists film_casting drop constraint if exists FKb2avfvx70nfcjk3e8p89v94vj
2024-05-23T23:38:52.757+02:00 DEBUG 48929 --- [    Test worker] org.hibernate.SQL                        : drop table if exists actor cascade
Hibernate: drop table if exists actor cascade
2024-05-23T23:38:52.783+02:00 DEBUG 48929 --- [    Test worker] org.hibernate.SQL                        : drop table if exists director cascade
Hibernate: drop table if exists director cascade
2024-05-23T23:38:52.791+02:00 DEBUG 48929 --- [    Test worker] org.hibernate.SQL                        : drop table if exists film cascade
Hibernate: drop table if exists film cascade
2024-05-23T23:38:52.797+02:00 DEBUG 48929 --- [    Test worker] org.hibernate.SQL                        : drop table if exists film_casting cascade
Hibernate: drop table if exists film_casting cascade
2024-05-23T23:38:52.805+02:00 DEBUG 48929 --- [    Test worker] org.hibernate.SQL                        : drop table if exists user_table cascade
Hibernate: drop table if exists user_table cascade
2024-05-23T23:38:52.818+02:00 DEBUG 48929 --- [    Test worker] org.hibernate.SQL                        : create table actor (id serial not null, actor_name varchar(255), gender varchar(255) check (gender in ('M','F','N')), nationality varchar(255), primary key (id))
Hibernate: create table actor (id serial not null, actor_name varchar(255), gender varchar(255) check (gender in ('M','F','N')), nationality varchar(255), primary key (id))
2024-05-23T23:38:52.886+02:00 DEBUG 48929 --- [    Test worker] org.hibernate.SQL                        : create table director (birth integer, film_id integer, id serial not null, award varchar(255), director_name varchar(255), primary key (id))
Hibernate: create table director (birth integer, film_id integer, id serial not null, award varchar(255), director_name varchar(255), primary key (id))
2024-05-23T23:38:52.926+02:00 DEBUG 48929 --- [    Test worker] org.hibernate.SQL                        : create table film (box_office float(53), id serial not null, release_year date, film_name varchar(255), genre varchar(255) check (genre in ('HISTORY','SPY','FANTASY','ROMANCE','ACTION')), primary key (id))
Hibernate: create table film (box_office float(53), id serial not null, release_year date, film_name varchar(255), genre varchar(255) check (genre in ('HISTORY','SPY','FANTASY','ROMANCE','ACTION')), primary key (id))
2024-05-23T23:38:52.956+02:00 DEBUG 48929 --- [    Test worker] org.hibernate.SQL                        : create table film_casting (actor_id integer not null, film_id integer not null, id serial not null, primary key (id), constraint UKgprrdn7mj3rol443mt5qn0fls unique (film_id, actor_id))
Hibernate: create table film_casting (actor_id integer not null, film_id integer not null, id serial not null, primary key (id), constraint UKgprrdn7mj3rol443mt5qn0fls unique (film_id, actor_id))
2024-05-23T23:38:52.984+02:00 DEBUG 48929 --- [    Test worker] org.hibernate.SQL                        : create table user_table (id serial not null, role smallint not null check (role between 0 and 1), password varchar(255) not null, username varchar(255) not null, primary key (id))
Hibernate: create table user_table (id serial not null, role smallint not null check (role between 0 and 1), password varchar(255) not null, username varchar(255) not null, primary key (id))
2024-05-23T23:38:53.014+02:00 DEBUG 48929 --- [    Test worker] org.hibernate.SQL                        : alter table if exists director add constraint FKeox6rmuu3j7esmllq1cg022xa foreign key (film_id) references film
Hibernate: alter table if exists director add constraint FKeox6rmuu3j7esmllq1cg022xa foreign key (film_id) references film
2024-05-23T23:38:53.032+02:00 DEBUG 48929 --- [    Test worker] org.hibernate.SQL                        : alter table if exists film_casting add constraint FKdpbx2oo0uhp58l0dxbqdm6c3q foreign key (actor_id) references actor on delete cascade
Hibernate: alter table if exists film_casting add constraint FKdpbx2oo0uhp58l0dxbqdm6c3q foreign key (actor_id) references actor on delete cascade
2024-05-23T23:38:53.040+02:00 DEBUG 48929 --- [    Test worker] org.hibernate.SQL                        : alter table if exists film_casting add constraint FKb2avfvx70nfcjk3e8p89v94vj foreign key (film_id) references film on delete cascade
Hibernate: alter table if exists film_casting add constraint FKb2avfvx70nfcjk3e8p89v94vj foreign key (film_id) references film on delete cascade
2024-05-23T23:38:53.050+02:00  INFO 48929 --- [    Test worker] j.LocalContainerEntityManagerFactoryBean : Initialized JPA EntityManagerFactory for persistence unit 'default'
2024-05-23T23:38:53.403+02:00  INFO 48929 --- [    Test worker] o.s.s.web.DefaultSecurityFilterChain     : Will secure any request with [org.springframework.security.web.session.DisableEncodeUrlFilter@7e821499, org.springframework.security.web.context.request.async.WebAsyncManagerIntegrationFilter@3aee27e1, org.springframework.security.web.context.SecurityContextHolderFilter@2534229, org.springframework.security.web.header.HeaderWriterFilter@45e5212f, org.springframework.security.web.csrf.CsrfFilter@618439c9, org.springframework.security.web.authentication.logout.LogoutFilter@2293d694, org.springframework.security.web.authentication.UsernamePasswordAuthenticationFilter@42994d28, org.springframework.security.web.savedrequest.RequestCacheAwareFilter@425979db, org.springframework.security.web.servletapi.SecurityContextHolderAwareRequestFilter@56c92651, org.springframework.security.web.authentication.AnonymousAuthenticationFilter@43df5cba, org.springframework.security.web.access.ExceptionTranslationFilter@769c4312, org.springframework.security.web.access.intercept.AuthorizationFilter@3469a432]
2024-05-23T23:38:53.665+02:00  INFO 48929 --- [    Test worker] b.k.f.s.impl.ActorJpaServiceUnitTest     : Started ActorJpaServiceUnitTest in 1.829 seconds (process running for 16.112)
]]></system-out>
  <system-err><![CDATA[]]></system-err>
</testsuite>
